This is pdfTeX, Version 3.141592653-2.6-1.40.25 (TeX Live 2023/Arch Linux) (preloaded format=pdflatex 2023.9.3)  6 DEC 2023 19:15
entering extended mode
 \write18 enabled.
 file:line:error style messages enabled.
 %&-line parsing enabled.
**/home/aeren/Okul/CENG499/HW2/report/report
(/home/aeren/Okul/CENG499/HW2/report/report.tex
LaTeX2e <2022-11-01> patch level 1
L3 programming layer <2023-02-22> (/usr/share/texmf-dist/tex/latex/base/article.cls
Document Class: article 2022/07/02 v1.4n Standard LaTeX document class
(/usr/share/texmf-dist/tex/latex/base/size12.clo
File: size12.clo 2022/07/02 v1.4n Standard LaTeX file (size option)
)
\c@part=\count185
\c@section=\count186
\c@subsection=\count187
\c@subsubsection=\count188
\c@paragraph=\count189
\c@subparagraph=\count190
\c@figure=\count191
\c@table=\count192
\abovecaptionskip=\skip48
\belowcaptionskip=\skip49
\bibindent=\dimen140
) (/usr/share/texmf-dist/tex/latex/preprint/fullpage.sty
Package: fullpage 1999/02/23 1.1 (PWD)
\FP@margin=\skip50
) (/usr/share/texmf-dist/tex/latex/amsfonts/amsfonts.sty
Package: amsfonts 2013/01/14 v3.01 Basic AMSFonts support
\@emptytoks=\toks16
\symAMSa=\mathgroup4
\symAMSb=\mathgroup5
LaTeX Font Info:    Redeclaring math symbol \hbar on input line 98.
LaTeX Font Info:    Overwriting math alphabet `\mathfrak' in version `bold'
(Font)                  U/euf/m/n --> U/euf/b/n on input line 106.
) (/usr/share/texmf-dist/tex/latex/amsmath/amsmath.sty
Package: amsmath 2022/04/08 v2.17n AMS math features
\@mathmargin=\skip51

For additional information on amsmath, use the `?' option.
(/usr/share/texmf-dist/tex/latex/amsmath/amstext.sty
Package: amstext 2021/08/26 v2.01 AMS text
 (/usr/share/texmf-dist/tex/latex/amsmath/amsgen.sty
File: amsgen.sty 1999/11/30 v2.0 generic functions
\@emptytoks=\toks17
\ex@=\dimen141
)) (/usr/share/texmf-dist/tex/latex/amsmath/amsbsy.sty
Package: amsbsy 1999/11/29 v1.2d Bold Symbols
\pmbraise@=\dimen142
) (/usr/share/texmf-dist/tex/latex/amsmath/amsopn.sty
Package: amsopn 2022/04/08 v2.04 operator names
)
\inf@bad=\count193
LaTeX Info: Redefining \frac on input line 234.
\uproot@=\count194
\leftroot@=\count195
LaTeX Info: Redefining \overline on input line 399.
LaTeX Info: Redefining \colon on input line 410.
\classnum@=\count196
\DOTSCASE@=\count197
LaTeX Info: Redefining \ldots on input line 496.
LaTeX Info: Redefining \dots on input line 499.
LaTeX Info: Redefining \cdots on input line 620.
\Mathstrutbox@=\box51
\strutbox@=\box52
LaTeX Info: Redefining \big on input line 722.
LaTeX Info: Redefining \Big on input line 723.
LaTeX Info: Redefining \bigg on input line 724.
LaTeX Info: Redefining \Bigg on input line 725.
\big@size=\dimen143
LaTeX Font Info:    Redeclaring font encoding OML on input line 743.
LaTeX Font Info:    Redeclaring font encoding OMS on input line 744.
\macc@depth=\count198
LaTeX Info: Redefining \bmod on input line 905.
LaTeX Info: Redefining \pmod on input line 910.
LaTeX Info: Redefining \smash on input line 940.
LaTeX Info: Redefining \relbar on input line 970.
LaTeX Info: Redefining \Relbar on input line 971.
\c@MaxMatrixCols=\count199
\dotsspace@=\muskip16
\c@parentequation=\count266
\dspbrk@lvl=\count267
\tag@help=\toks18
\row@=\count268
\column@=\count269
\maxfields@=\count270
\andhelp@=\toks19
\eqnshift@=\dimen144
\alignsep@=\dimen145
\tagshift@=\dimen146
\tagwidth@=\dimen147
\totwidth@=\dimen148
\lineht@=\dimen149
\@envbody=\toks20
\multlinegap=\skip52
\multlinetaggap=\skip53
\mathdisplay@stack=\toks21
LaTeX Info: Redefining \[ on input line 2953.
LaTeX Info: Redefining \] on input line 2954.
) (/usr/share/texmf-dist/tex/latex/psnfss/pifont.sty
Package: pifont 2020/03/25 PSNFSS-v9.3 Pi font support (SPQR) 
LaTeX Font Info:    Trying to load font information for U+pzd on input line 63.
 (/usr/share/texmf-dist/tex/latex/psnfss/upzd.fd
File: upzd.fd 2001/06/04 font definitions for U/pzd.
)
LaTeX Font Info:    Trying to load font information for U+psy on input line 64.
 (/usr/share/texmf-dist/tex/latex/psnfss/upsy.fd
File: upsy.fd 2001/06/04 font definitions for U/psy.
)) (/usr/share/texmf-dist/tex/latex/amscls/amsthm.sty
Package: amsthm 2020/05/29 v2.20.6
\thm@style=\toks22
\thm@bodyfont=\toks23
\thm@headfont=\toks24
\thm@notefont=\toks25
\thm@headpunct=\toks26
\thm@preskip=\skip54
\thm@postskip=\skip55
\thm@headsep=\skip56
\dth@everypar=\toks27
) (/usr/share/texmf-dist/tex/latex/geometry/geometry.sty
Package: geometry 2020/01/02 v5.9 Page Geometry
 (/usr/share/texmf-dist/tex/latex/graphics/keyval.sty
Package: keyval 2022/05/29 v1.15 key=value parser (DPC)
\KV@toks@=\toks28
) (/usr/share/texmf-dist/tex/generic/iftex/ifvtex.sty
Package: ifvtex 2019/10/25 v1.7 ifvtex legacy package. Use iftex instead.
 (/usr/share/texmf-dist/tex/generic/iftex/iftex.sty
Package: iftex 2022/02/03 v1.0f TeX engine tests
))
\Gm@cnth=\count271
\Gm@cntv=\count272
\c@Gm@tempcnt=\count273
\Gm@bindingoffset=\dimen150
\Gm@wd@mp=\dimen151
\Gm@odd@mp=\dimen152
\Gm@even@mp=\dimen153
\Gm@layoutwidth=\dimen154
\Gm@layoutheight=\dimen155
\Gm@layouthoffset=\dimen156
\Gm@layoutvoffset=\dimen157
\Gm@dimlist=\toks29
) (/usr/share/texmf-dist/tex/latex/graphics/graphicx.sty
Package: graphicx 2021/09/16 v1.2d Enhanced LaTeX Graphics (DPC,SPQR)
 (/usr/share/texmf-dist/tex/latex/graphics/graphics.sty
Package: graphics 2022/03/10 v1.4e Standard LaTeX Graphics (DPC,SPQR)
 (/usr/share/texmf-dist/tex/latex/graphics/trig.sty
Package: trig 2021/08/11 v1.11 sin cos tan (DPC)
) (/usr/share/texmf-dist/tex/latex/graphics-cfg/graphics.cfg
File: graphics.cfg 2016/06/04 v1.11 sample graphics configuration
)
Package graphics Info: Driver file: pdftex.def on input line 107.
 (/usr/share/texmf-dist/tex/latex/graphics-def/pdftex.def
File: pdftex.def 2022/09/22 v1.2b Graphics/color driver for pdftex
))
\Gin@req@height=\dimen158
\Gin@req@width=\dimen159
) (/usr/share/texmf-dist/tex/latex/float/float.sty
Package: float 2001/11/08 v1.3d Float enhancements (AL)
\c@float@type=\count274
\float@exts=\toks30
\float@box=\box53
\@float@everytoks=\toks31
\@floatcapt=\box54
) (/usr/share/texmf-dist/tex/latex/l3backend/l3backend-pdftex.def
File: l3backend-pdftex.def 2023-01-16 L3 backend support: PDF output (pdfTeX)
\l__color_backend_stack_int=\count275
\l__pdf_internal_box=\box55
)

LaTeX Warning: Unused global option(s):
    [margin].

(./report.aux)
\openout1 = `report.aux'.

LaTeX Font Info:    Checking defaults for OML/cmm/m/it on input line 31.
LaTeX Font Info:    ... okay on input line 31.
LaTeX Font Info:    Checking defaults for OMS/cmsy/m/n on input line 31.
LaTeX Font Info:    ... okay on input line 31.
LaTeX Font Info:    Checking defaults for OT1/cmr/m/n on input line 31.
LaTeX Font Info:    ... okay on input line 31.
LaTeX Font Info:    Checking defaults for T1/cmr/m/n on input line 31.
LaTeX Font Info:    ... okay on input line 31.
LaTeX Font Info:    Checking defaults for TS1/cmr/m/n on input line 31.
LaTeX Font Info:    ... okay on input line 31.
LaTeX Font Info:    Checking defaults for OMX/cmex/m/n on input line 31.
LaTeX Font Info:    ... okay on input line 31.
LaTeX Font Info:    Checking defaults for U/cmr/m/n on input line 31.
LaTeX Font Info:    ... okay on input line 31.

*geometry* driver: auto-detecting
*geometry* detected driver: pdftex
*geometry* verbose mode - [ preamble ] result:
* driver: pdftex
* paper: a4paper
* layout: <same size as paper>
* layoutoffset:(h,v)=(0.0pt,0.0pt)
* modes: 
* h-part:(L,W,R)=(28.45274pt, 540.60239pt, 28.45274pt)
* v-part:(T,H,B)=(14.22636pt, 802.36774pt, 28.45274pt)
* \paperwidth=597.50787pt
* \paperheight=845.04684pt
* \textwidth=540.60239pt
* \textheight=802.36774pt
* \oddsidemargin=-43.81725pt
* \evensidemargin=-43.81725pt
* \topmargin=-58.04362pt
* \headheight=0.0pt
* \headsep=0.0pt
* \topskip=12.0pt
* \footskip=30.0pt
* \marginparwidth=35.0pt
* \marginparsep=10.0pt
* \columnsep=10.0pt
* \skip\footins=10.8pt plus 4.0pt minus 2.0pt
* \hoffset=0.0pt
* \voffset=0.0pt
* \mag=1000
* \@twocolumnfalse
* \@twosidefalse
* \@mparswitchfalse
* \@reversemarginfalse
* (1in=72.27pt=25.4mm, 1cm=28.453pt)

(/usr/share/texmf-dist/tex/context/base/mkii/supp-pdf.mkii
[Loading MPS to PDF converter (version 2006.09.02).]
\scratchcounter=\count276
\scratchdimen=\dimen160
\scratchbox=\box56
\nofMPsegments=\count277
\nofMParguments=\count278
\everyMPshowfont=\toks32
\MPscratchCnt=\count279
\MPscratchDim=\dimen161
\MPnumerator=\count280
\makeMPintoPDFobject=\count281
\everyMPtoPDFconversion=\toks33
) (/usr/share/texmf-dist/tex/latex/epstopdf-pkg/epstopdf-base.sty
Package: epstopdf-base 2020-01-24 v2.11 Base part for package epstopdf
Package epstopdf-base Info: Redefining graphics rule for `.eps' on input line 485.
 (/usr/share/texmf-dist/tex/latex/latexconfig/epstopdf-sys.cfg
File: epstopdf-sys.cfg 2010/07/13 v1.3 Configuration of (r)epstopdf for TeX Live
))
LaTeX Font Info:    Trying to load font information for U+msa on input line 33.
 (/usr/share/texmf-dist/tex/latex/amsfonts/umsa.fd
File: umsa.fd 2013/01/14 v3.01 AMS symbols A
)
LaTeX Font Info:    Trying to load font information for U+msb on input line 33.
 (/usr/share/texmf-dist/tex/latex/amsfonts/umsb.fd
File: umsb.fd 2013/01/14 v3.01 AMS symbols B
) (./report.toc)
\tf@toc=\write3
\openout3 = `report.toc'.

<assets//confidence_intervals.png, id=1, 668.4975pt x 422.0568pt>
File: assets//confidence_intervals.png Graphic file (type png)
<use assets//confidence_intervals.png>
Package pdftex.def Info: assets//confidence_intervals.png  used on input line 65.
(pdftex.def)             Requested size: 501.37189pt x 316.54181pt.
 [1

{/var/lib/texmf/fonts/map/pdftex/updmap/pdftex.map}] [2 <./assets//confidence_intervals.png>]
<assets//elbow_dataset1.png, id=17, 741.4902pt x 445.9059pt>
File: assets//elbow_dataset1.png Graphic file (type png)
<use assets//elbow_dataset1.png>
Package pdftex.def Info: assets//elbow_dataset1.png  used on input line 82.
(pdftex.def)             Requested size: 519.0396pt x 312.132pt.
<assets//elbow_dataset2.png, id=18, 733.5405pt x 456.0237pt>
File: assets//elbow_dataset2.png Graphic file (type png)
<use assets//elbow_dataset2.png>
Package pdftex.def Info: assets//elbow_dataset2.png  used on input line 88.
(pdftex.def)             Requested size: 513.47484pt x 319.2144pt.
 [3 <./assets//elbow_dataset1.png> <./assets//elbow_dataset2.png>]
<assets//elbow_kmedoids_dataset1_cosine.png, id=24, 682.2288pt x 438.6789pt>
File: assets//elbow_kmedoids_dataset1_cosine.png Graphic file (type png)
<use assets//elbow_kmedoids_dataset1_cosine.png>
Package pdftex.def Info: assets//elbow_kmedoids_dataset1_cosine.png  used on input line 100.
(pdftex.def)             Requested size: 477.5569pt x 307.07312pt.
<assets//elbow_kmedoids_dataset1_minkowski.png, id=25, 711.1368pt x 431.4519pt>
File: assets//elbow_kmedoids_dataset1_minkowski.png Graphic file (type png)
<use assets//elbow_kmedoids_dataset1_minkowski.png>
Package pdftex.def Info: assets//elbow_kmedoids_dataset1_minkowski.png  used on input line 108.
(pdftex.def)             Requested size: 497.79236pt x 302.01427pt.
<assets//elbow_kmedoids_dataset2_cosine.png, id=26, 717.6411pt x 432.1746pt>
File: assets//elbow_kmedoids_dataset2_cosine.png Graphic file (type png)
<use assets//elbow_kmedoids_dataset2_cosine.png>
Package pdftex.def Info: assets//elbow_kmedoids_dataset2_cosine.png  used on input line 116.
(pdftex.def)             Requested size: 538.2295pt x 324.13016pt.
 [4 <./assets//elbow_kmedoids_dataset1_cosine.png> <./assets//elbow_kmedoids_dataset1_minkowski.png>]
<assets//elbow_kmedoids_dataset2_minkowski.png, id=32, 462.528pt x 346.896pt>
File: assets//elbow_kmedoids_dataset2_minkowski.png Graphic file (type png)
<use assets//elbow_kmedoids_dataset2_minkowski.png>
Package pdftex.def Info: assets//elbow_kmedoids_dataset2_minkowski.png  used on input line 124.
(pdftex.def)             Requested size: 393.15065pt x 294.86298pt.
<assets//dataset1_tsne.png, id=33, 566.5968pt x 363.5181pt>
File: assets//dataset1_tsne.png Graphic file (type png)
<use assets//dataset1_tsne.png>
Package pdftex.def Info: assets//dataset1_tsne.png  used on input line 134.
(pdftex.def)             Requested size: 481.60956pt x 308.99184pt.
 [5 <./assets//elbow_kmedoids_dataset2_cosine.png> <./assets//elbow_kmedoids_dataset2_minkowski.png>]
<assets//dataset1_umap.png, id=39, 631.6398pt x 394.5942pt>
File: assets//dataset1_umap.png Graphic file (type png)
<use assets//dataset1_umap.png>
Package pdftex.def Info: assets//dataset1_umap.png  used on input line 140.
(pdftex.def)             Requested size: 536.89636pt x 335.40663pt.
<assets//dataset2_tsne.png, id=40, 659.8251pt x 415.5525pt>
File: assets//dataset2_tsne.png Graphic file (type png)
<use assets//dataset2_tsne.png>
Package pdftex.def Info: assets//dataset2_tsne.png  used on input line 148.
(pdftex.def)             Requested size: 560.85399pt x 353.22128pt.

Overfull \hbox (20.2516pt too wide) in paragraph at lines 148--149
 [][] 
 []

[6 <./assets//dataset1_tsne.png> <./assets//dataset1_umap.png>]
<assets//dataset2_umap.png, id=46, 641.7576pt x 420.6114pt>
File: assets//dataset2_umap.png Graphic file (type png)
<use assets//dataset2_umap.png>
Package pdftex.def Info: assets//dataset2_umap.png  used on input line 154.
(pdftex.def)             Requested size: 545.49654pt x 357.52138pt.

Overfull \hbox (4.89415pt too wide) in paragraph at lines 154--155
 [][] 
 []

[7 <./assets//dataset2_tsne.png> <./assets//dataset2_umap.png>]
<assets//single_euclidean_dendrogram.png, id=53, 917.1063pt x 541.3023pt>
File: assets//single_euclidean_dendrogram.png Graphic file (type png)
<use assets//single_euclidean_dendrogram.png>
Package pdftex.def Info: assets//single_euclidean_dendrogram.png  used on input line 173.
(pdftex.def)             Requested size: 458.55202pt x 270.65048pt.
<assets//single_cosine_dendrogram.png, id=54, 891.0891pt x 558.6471pt>
File: assets//single_cosine_dendrogram.png Graphic file (type png)
<use assets//single_cosine_dendrogram.png>
Package pdftex.def Info: assets//single_cosine_dendrogram.png  used on input line 179.
(pdftex.def)             Requested size: 445.54346pt x 279.32286pt.
 [8 <./assets//single_euclidean_dendrogram.png>]
<assets//complete_euclidean_dendrogram.png, id=60, 886.7529pt x 532.6299pt>
File: assets//complete_euclidean_dendrogram.png Graphic file (type png)
<use assets//complete_euclidean_dendrogram.png>
Package pdftex.def Info: assets//complete_euclidean_dendrogram.png  used on input line 185.
(pdftex.def)             Requested size: 443.37537pt x 266.31429pt.
<assets//complete_cosine_dendrogram.png, id=61, 843.3909pt x 508.0581pt>
File: assets//complete_cosine_dendrogram.png Graphic file (type png)
<use assets//complete_cosine_dendrogram.png>
Package pdftex.def Info: assets//complete_cosine_dendrogram.png  used on input line 191.
(pdftex.def)             Requested size: 421.69441pt x 254.02843pt.
 [9 <./assets//single_cosine_dendrogram.png> <./assets//complete_euclidean_dendrogram.png>]
<assets//single_euclidean_silh.png, id=67, 734.2632pt x 461.8053pt>
File: assets//single_euclidean_silh.png Graphic file (type png)
<use assets//single_euclidean_silh.png>
Package pdftex.def Info: assets//single_euclidean_silh.png  used on input line 197.
(pdftex.def)             Requested size: 440.56131pt x 277.0853pt.
<assets//single_cosine_silh.png, id=68, 746.5491pt x 439.4016pt>
File: assets//single_cosine_silh.png Graphic file (type png)
<use assets//single_cosine_silh.png>
Package pdftex.def Info: assets//single_cosine_silh.png  used on input line 203.
(pdftex.def)             Requested size: 447.93292pt x 263.64297pt.
 [10 <./assets//complete_cosine_dendrogram.png> <./assets//single_euclidean_silh.png>]
<assets//complete_euclidean_silh.png, id=74, 733.5405pt x 440.1243pt>
File: assets//complete_euclidean_silh.png Graphic file (type png)
<use assets//complete_euclidean_silh.png>
Package pdftex.def Info: assets//complete_euclidean_silh.png  used on input line 209.
(pdftex.def)             Requested size: 440.12769pt x 264.07661pt.
<assets//complete_cosine_silh.png, id=75, 741.4902pt x 437.9562pt>
File: assets//complete_cosine_silh.png Graphic file (type png)
<use assets//complete_cosine_silh.png>
Package pdftex.def Info: assets//complete_cosine_silh.png  used on input line 215.
(pdftex.def)             Requested size: 444.89755pt x 262.77574pt.
 [11 <./assets//single_cosine_silh.png> <./assets//complete_euclidean_silh.png>]
<assets//hac_dataset_tsne.png, id=81, 691.6239pt x 445.9059pt>
File: assets//hac_dataset_tsne.png Graphic file (type png)
<use assets//hac_dataset_tsne.png>
Package pdftex.def Info: assets//hac_dataset_tsne.png  used on input line 225.
(pdftex.def)             Requested size: 518.71666pt x 334.4286pt.
<assets//hac_dataset_umap.png, id=82, 739.3221pt x 441.5697pt>
File: assets//hac_dataset_umap.png Graphic file (type png)
<use assets//hac_dataset_umap.png>
Package pdftex.def Info: assets//hac_dataset_umap.png  used on input line 231.
(pdftex.def)             Requested size: 480.55368pt x 287.0169pt.
 [12 <./assets//complete_cosine_silh.png> <./assets//hac_dataset_tsne.png>] [13 <./assets//hac_dataset_umap.png>] (./report.aux) ) 
Here is how much of TeX's memory you used:
 3167 strings out of 477985
 52678 string characters out of 5840059
 1859388 words of memory out of 5000000
 23312 multiletter control sequences out of 15000+600000
 522216 words of font info for 70 fonts, out of 8000000 for 9000
 14 hyphenation exceptions out of 8191
 57i,10n,62p,278b,264s stack positions out of 10000i,1000n,20000p,200000b,200000s
</usr/share/texmf-dist/fonts/type1/public/amsfonts/cm/cmbx12.pfb></usr/share/texmf-dist/fonts/type1/public/amsfonts/cm/cmmi12.pfb></usr/share/texmf-dist/fonts/type1/public/amsfonts/cm/cmr12.pfb></usr/share/texmf-dist/fonts/type1/public/amsfonts/cm/cmr17.pfb></usr/share/texmf-dist/fonts/type1/public/amsfonts/cm/cmr8.pfb></usr/share/texmf-dist/fonts/type1/public/amsfonts/cm/cmtt12.pfb>
Output written on report.pdf (13 pages, 504145 bytes).
PDF statistics:
 120 PDF objects out of 1000 (max. 8388607)
 50 compressed objects within 1 object stream
 0 named destinations out of 1000 (max. 500000)
 106 words of extra memory for PDF output out of 10000 (max. 10000000)

