This is LuaHBTeX, Version 1.16.0 (TeX Live 2023/Arch Linux)  (format=lualatex 2023.4.11)  24 APR 2023 22:26
 restricted system commands enabled.
**srs.tex
(./srs.tex
LaTeX2e <2022-11-01> patch level 1
Lua module: luaotfload 2022-10-03 3.23 Lua based OpenType font support
Lua module: lualibs 2022-10-04 2.75 ConTeXt Lua standard libraries.
Lua module: lualibs-extended 2022-10-04 2.75 ConTeXt Lua libraries -- extended c
ollection.
luaotfload | conf : Root cache directory is "/home/aeren/.texlive/texmf-var/luat
ex-cache/generic/names".
luaotfload | init : Loading fontloader "fontloader-2022-10-03.lua" from kpse-res
olved path "/usr/share/texmf-dist/tex/luatex/luaotfload/fontloader-2022-10-03.lu
a".
Lua-only attribute luaotfload@noligature = 1
luaotfload | init : Context OpenType loader version 3.120
Inserting `luaotfload.node_processor' in `pre_linebreak_filter'.
Inserting `luaotfload.node_processor' in `hpack_filter'.
Inserting `luaotfload.glyph_stream' in `glyph_stream_provider'.
Inserting `luaotfload.define_font' in `define_font'.
Lua-only attribute luaotfload_color_attribute = 2
luaotfload | conf : Root cache directory is "/home/aeren/.texlive/texmf-var/luat
ex-cache/generic/names".
Inserting `luaotfload.harf.strip_prefix' in `find_opentype_file'.
Inserting `luaotfload.harf.strip_prefix' in `find_truetype_file'.
Removing  `luaotfload.glyph_stream' from `glyph_stream_provider'.
Inserting `luaotfload.harf.glyphstream' in `glyph_stream_provider'.
Inserting `luaotfload.harf.finalize_vlist' in `post_linebreak_filter'.
Inserting `luaotfload.harf.finalize_hlist' in `hpack_filter'.
Inserting `luaotfload.cleanup_files' in `wrapup_run'.
Inserting `luaotfload.harf.finalize_unicode' in `finish_pdffile'.
Inserting `luaotfload.glyphinfo' in `glyph_info'.
Lua-only attribute luaotfload.letterspace_done = 3
Inserting `luaotfload.aux.set_sscale_dimens' in `luaotfload.patch_font'.
Inserting `luaotfload.aux.set_font_index' in `luaotfload.patch_font'.
Inserting `luaotfload.aux.patch_cambria_domh' in `luaotfload.patch_font'.
Inserting `luaotfload.aux.fixup_fontdata' in `luaotfload.patch_font_unsafe'.
Inserting `luaotfload.aux.set_capheight' in `luaotfload.patch_font'.
Inserting `luaotfload.aux.set_xheight' in `luaotfload.patch_font'.
Inserting `luaotfload.rewrite_fontname' in `luaotfload.patch_font'. L3 programm
ing layer <2023-02-22>
Inserting `tracingstacklevels' in `input_level_string'.
(/usr/share/texmf-dist/tex/latex/base/report.cls
Document Class: report 2022/07/02 v1.4n Standard LaTeX document class
(/usr/share/texmf-dist/tex/latex/base/size12.clo
File: size12.clo 2022/07/02 v1.4n Standard LaTeX file (size option)
luaotfload | db : Font names database loaded from /home/aeren/.texlive/texmf-var
/luatex-cache/generic/names/luaotfload-names.luc.gz)
\c@part=\count183
\c@chapter=\count184
\c@section=\count185
\c@subsection=\count186
\c@subsubsection=\count187
\c@paragraph=\count188
\c@subparagraph=\count189
\c@figure=\count190
\c@table=\count191
\abovecaptionskip=\skip48
\belowcaptionskip=\skip49
\bibindent=\dimen139
)
(/usr/share/texmf-dist/tex/latex/tools/indentfirst.sty
Package: indentfirst 1995/11/23 v1.03 Indent first paragraph (DPC)
)
(/usr/share/texmf-dist/tex/latex/geometry/geometry.sty
Package: geometry 2020/01/02 v5.9 Page Geometry

(/usr/share/texmf-dist/tex/latex/graphics/keyval.sty
Package: keyval 2022/05/29 v1.15 key=value parser (DPC)
\KV@toks@=\toks16
)
(/usr/share/texmf-dist/tex/generic/iftex/ifvtex.sty
Package: ifvtex 2019/10/25 v1.7 ifvtex legacy package. Use iftex instead.

(/usr/share/texmf-dist/tex/generic/iftex/iftex.sty
Package: iftex 2022/02/03 v1.0f TeX engine tests
))
\Gm@cnth=\count192
\Gm@cntv=\count193
\c@Gm@tempcnt=\count194
\Gm@bindingoffset=\dimen140
\Gm@wd@mp=\dimen141
\Gm@odd@mp=\dimen142
\Gm@even@mp=\dimen143
\Gm@layoutwidth=\dimen144
\Gm@layoutheight=\dimen145
\Gm@layouthoffset=\dimen146
\Gm@layoutvoffset=\dimen147
\Gm@dimlist=\toks17
)
(/usr/share/texmf-dist/tex/latex/base/flafter.sty
Package: flafter 2021/07/31 v1.4e Standard LaTeX floats after reference (FMi)
Applying: [2015/01/01] float order in 2-column on input line 49.
Already applied: [0000/00/00] float order in 2-column on input line 151.
)
(/usr/share/texmf-dist/tex/latex/graphics/graphicx.sty
Package: graphicx 2021/09/16 v1.2d Enhanced LaTeX Graphics (DPC,SPQR)

(/usr/share/texmf-dist/tex/latex/graphics/graphics.sty
Package: graphics 2022/03/10 v1.4e Standard LaTeX Graphics (DPC,SPQR)

(/usr/share/texmf-dist/tex/latex/graphics/trig.sty
Package: trig 2021/08/11 v1.11 sin cos tan (DPC)
)
(/usr/share/texmf-dist/tex/latex/graphics-cfg/graphics.cfg
File: graphics.cfg 2016/06/04 v1.11 sample graphics configuration
)
Package graphics Info: Driver file: luatex.def on input line 107.

(/usr/share/texmf-dist/tex/latex/graphics-def/luatex.def
File: luatex.def 2022/09/22 v1.2d Graphics/color driver for luatex
))
\Gin@req@height=\dimen148
\Gin@req@width=\dimen149
)
(/usr/share/texmf-dist/tex/latex/float/float.sty
Package: float 2001/11/08 v1.3d Float enhancements (AL)
\c@float@type=\count195
\float@exts=\toks18
\float@box=\box51
\@float@everytoks=\toks19
\@floatcapt=\box52
)
(/usr/share/texmf-dist/tex/latex/titlesec/titlesec.sty
Package: titlesec 2021/07/05 v2.14 Sectioning titles
\ttl@box=\box53
\beforetitleunit=\skip50
\aftertitleunit=\skip51
\ttl@plus=\dimen150
\ttl@minus=\dimen151
\ttl@toksa=\toks20
\titlewidth=\dimen152
\titlewidthlast=\dimen153
\titlewidthfirst=\dimen154
)
(/usr/share/texmf-dist/tex/latex/tools/tabularx.sty
Package: tabularx 2020/01/15 v2.11c `tabularx' package (DPC)

(/usr/share/texmf-dist/tex/latex/tools/array.sty
Package: array 2022/09/04 v2.5g Tabular extension package (FMi)
\col@sep=\dimen155
\ar@mcellbox=\box54
\extrarowheight=\dimen156
\NC@list=\toks21
\extratabsurround=\skip52
\backup@length=\skip53
\ar@cellbox=\box55
)
\TX@col@width=\dimen157
\TX@old@table=\dimen158
\TX@old@col=\dimen159
\TX@target=\dimen160
\TX@delta=\dimen161
\TX@cols=\count196
\TX@ftn=\toks22
)
*geometry* verbose mode - [ newgeometry ] result:
* driver: 
* paper: <default>
* layout: <same size as paper>
* layoutoffset:(h,v)=(0.0pt,0.0pt)
* modes: 
* h-part:(L,W,R)=(85.35826pt, 443.57848pt, 85.35826pt)
* v-part:(T,H,B)=(42.67912pt, 709.61174pt, 42.67912pt)
* \paperwidth=614.295pt
* \paperheight=794.96999pt
* \textwidth=443.57848pt
* \textheight=709.61174pt
* \oddsidemargin=13.08827pt
* \evensidemargin=13.08827pt
* \topmargin=-66.59087pt
* \headheight=12.0pt
* \headsep=25.0pt
* \topskip=12.0pt
* \footskip=30.0pt
* \marginparwidth=44.0pt
* \marginparsep=10.0pt
* \columnsep=10.0pt
* \skip\footins=10.8pt plus 4.0pt minus 2.0pt
* \hoffset=0.0pt
* \voffset=0.0pt
* \mag=1000
* \@twocolumnfalse
* \@twosidefalse
* \@mparswitchfalse
* \@reversemarginfalse
* (1in=72.27pt=25.4mm, 1cm=28.453pt)


(/usr/share/texmf-dist/tex/latex/l3backend/l3backend-luatex.def
File: l3backend-luatex.def 2023-01-16 L3 backend support: PDF output (LuaTeX)
\l__color_backend_stack_int=\count197
\l__pdf_internal_box=\box56
) (./srs.aux)
\openout1 = srs.aux

LaTeX Font Info:    Checking defaults for OML/cmm/m/it on input line 27.
LaTeX Font Info:    ... okay on input line 27.
LaTeX Font Info:    Checking defaults for OMS/cmsy/m/n on input line 27.
LaTeX Font Info:    ... okay on input line 27.
LaTeX Font Info:    Checking defaults for OT1/cmr/m/n on input line 27.
LaTeX Font Info:    ... okay on input line 27.
LaTeX Font Info:    Checking defaults for T1/cmr/m/n on input line 27.
LaTeX Font Info:    ... okay on input line 27.
LaTeX Font Info:    Checking defaults for TS1/cmr/m/n on input line 27.
LaTeX Font Info:    Trying to load font information for TS1+cmr on input line 2
7.

(/usr/share/texmf-dist/tex/latex/base/ts1cmr.fd
File: ts1cmr.fd 2022/07/10 v2.5l Standard LaTeX font definitions
)
LaTeX Font Info:    ... okay on input line 27.
LaTeX Font Info:    Checking defaults for TU/lmr/m/n on input line 27.
LaTeX Font Info:    ... okay on input line 27.
LaTeX Font Info:    Checking defaults for OMX/cmex/m/n on input line 27.
LaTeX Font Info:    ... okay on input line 27.
LaTeX Font Info:    Checking defaults for U/cmr/m/n on input line 27.
LaTeX Font Info:    ... okay on input line 27.

*geometry* driver: auto-detecting
*geometry* detected driver: luatex
*geometry* verbose mode - [ preamble ] result:
* driver: luatex
* paper: <default>
* layout: <same size as paper>
* layoutoffset:(h,v)=(0.0pt,0.0pt)
* modes: 
* h-part:(L,W,R)=(85.35826pt, 443.57848pt, 85.35826pt)
* v-part:(T,H,B)=(42.67912pt, 709.61174pt, 42.67912pt)
* \paperwidth=614.295pt
* \paperheight=794.96999pt
* \textwidth=443.57848pt
* \textheight=709.61174pt
* \oddsidemargin=13.08827pt
* \evensidemargin=13.08827pt
* \topmargin=-66.59087pt
* \headheight=12.0pt
* \headsep=25.0pt
* \topskip=12.0pt
* \footskip=30.0pt
* \marginparwidth=44.0pt
* \marginparsep=10.0pt
* \columnsep=10.0pt
* \skip\footins=10.8pt plus 4.0pt minus 2.0pt
* \hoffset=0.0pt
* \voffset=0.0pt
* \mag=1000
* \@twocolumnfalse
* \@twosidefalse
* \@mparswitchfalse
* \@reversemarginfalse
* (1in=72.27pt=25.4mm, 1cm=28.453pt)

(/usr/share/texmf-dist/tex/context/base/mkii/supp-pdf.mkii
[Loading MPS to PDF converter (version 2006.09.02).]
\scratchcounter=\count198
\scratchdimen=\dimen162
\scratchbox=\box57
\nofMPsegments=\count199
\nofMParguments=\count266
\everyMPshowfont=\toks23
\MPscratchCnt=\count267
\MPscratchDim=\dimen163
\MPnumerator=\count268
\makeMPintoPDFobject=\count269
\everyMPtoPDFconversion=\toks24
) (/usr/share/texmf-dist/tex/latex/epstopdf-pkg/epstopdf-base.sty
Package: epstopdf-base 2020-01-24 v2.11 Base part for package epstopdf
Package epstopdf-base Info: Redefining graphics rule for `.eps' on input line 4
85.

(/usr/share/texmf-dist/tex/latex/latexconfig/epstopdf-sys.cfg
File: epstopdf-sys.cfg 2010/07/13 v1.3 Configuration of (r)epstopdf for TeX Liv
e
))
Overfull \hbox (18.0pt too wide) in paragraph at lines 31--33
[][]
 []


Overfull \hbox (15.86748pt too wide) in paragraph at lines 34--34
[]\TU/lmr/bx/n/24.88 Soft-ware Re-quire-ments Spec-i-fi-ca-tion 
 []


Overfull \hbox (18.0pt too wide) in paragraph at lines 36--37
[][] 
 []


Overfull \hbox (18.0pt too wide) in paragraph at lines 43--44
[][] 
 []

[1


{/var/lib/texmf/fonts/map/pdftex/updmap/pdftex.map}] (./srs.toc)
\tf@toc=\write3

\openout3 = srs.toc
 [1

]
(./srs.lof)
\tf@lof=\write4

\openout4 = srs.lof
 [2

] (./srs.lot)
\tf@lot=\write5

\openout5 = srs.lot
 [3

]
Chapter 1.

Underfull \hbox (badness 10000) in paragraph at lines 68--75

 []


Underfull \hbox (badness 10000) in paragraph at lines 76--81

 []


Underfull \hbox (badness 10000) in paragraph at lines 82--88

 []

<context-diagram.jpg, id=17, 712.6625pt x 580.1675pt>
File: context-diagram.jpg Graphic file (type jpg)
<use context-diagram.jpg>
Package luatex.def Info: context-diagram.jpg  used on input line 98.
(luatex.def)             Requested size: 356.33038pt x 290.08302pt.
[4

] [5<./context-diagram.jpg>]
Overfull \hbox (21.95717pt too wide) in paragraph at lines 146--161
[][] 
 []

[6] [7] [8] [9]
Chapter 2.

Overfull \hbox (0.52316pt too wide) in paragraph at lines 227--228
[]\TU/lmr/m/n/12 Al-pay-lan. (n.d.). GitHub - al-pay-lan/afet-bilgi.com. GitHub.
 https://github.com/al-
 []

[10

]
Chapter 3.
<ext1.jpg, id=40, 652.4375pt x 467.7475pt>
File: ext1.jpg Graphic file (type jpg)
<use ext1.jpg>
Package luatex.def Info: ext1.jpg  used on input line 234.
(luatex.def)             Requested size: 326.21794pt x 233.87317pt.
<use-case.jpg, id=41, 1169.36874pt x 726.715pt>
File: use-case.jpg Graphic file (type jpg)
<use use-case.jpg>
Package luatex.def Info: use-case.jpg  used on input line 242.
(luatex.def)             Requested size: 483.69095pt x 455.24918pt.

Overfull \hbox (40.11247pt too wide) in paragraph at lines 242--243
[][] 
 []

[11

<./ext1.jpg>] [12<./use-case.jpg>] [13] [14] [15] [16] [17] [18]
Overfull \hbox (12.0pt too wide) in paragraph at lines 389--389
[]|[]| 
 []


Overfull \hbox (12.0pt too wide) in paragraph at lines 390--390
[]|[]| 
 []

[19] [20] [21] [22]
<act1.jpg, id=79, 823.075pt x 750.805pt>
File: act1.jpg Graphic file (type jpg)
<use act1.jpg>
Package luatex.def Info: act1.jpg  used on input line 456.
(luatex.def)             Requested size: 411.53648pt x 375.40158pt.
 [23]
<seq1.jpg, id=83, 951.555pt x 614.295pt>
File: seq1.jpg Graphic file (type jpg)
<use seq1.jpg>
Package luatex.def Info: seq1.jpg  used on input line 462.
(luatex.def)             Requested size: 475.77634pt x 307.14674pt.

Overfull \hbox (32.19786pt too wide) in paragraph at lines 462--464
 [][] 
 []

[24<./act1.jpg>]
<state1.jpg, id=87, 1007.765pt x 654.445pt>
File: state1.jpg Graphic file (type jpg)
<use state1.jpg>
Package luatex.def Info: state1.jpg  used on input line 468.
(luatex.def)             Requested size: 503.88127pt x 327.2217pt.

Overfull \hbox (60.3028pt too wide) in paragraph at lines 468--470
 [][] 
 []

[25<./seq1.jpg><./state1.jpg>]
<db1.jpg, id=91, 548.0475pt x 483.8075pt>
File: db1.jpg Graphic file (type jpg)
<use db1.jpg>
Package luatex.def Info: db1.jpg  used on input line 497.
(luatex.def)             Requested size: 274.02307pt x 241.90315pt.
 [26<./db1.jpg>] [27] [28]
Chapter 4.
<context2.jpg, id=101, 992.70876pt x 546.04pt>
File: context2.jpg Graphic file (type jpg)
<use context2.jpg>
Package luatex.def Info: context2.jpg  used on input line 556.
(luatex.def)             Requested size: 496.35316pt x 273.01933pt.

Overfull \hbox (52.77469pt too wide) in paragraph at lines 556--558
 [][] 
 []

[29

<./context2.jpg>]
<ext2.jpg, id=105, 612.2875pt x 475.7775pt>
File: ext2.jpg Graphic file (type jpg)
<use ext2.jpg>
Package luatex.def Info: ext2.jpg  used on input line 585.
(luatex.def)             Requested size: 306.143pt x 237.88815pt.
 [30]
<use-case2.jpg, id=110, 1063.975pt x 582.175pt>
File: use-case2.jpg Graphic file (type jpg)
<use use-case2.jpg>
Package luatex.def Info: use-case2.jpg  used on input line 593.
(luatex.def)             Requested size: 483.68729pt x 369.89021pt.

Overfull \hbox (40.10881pt too wide) in paragraph at lines 593--595
 [][] 
 []

[31<./ext2.jpg>] [32<./use-case2.jpg>] [33] [34] [35]
<act2.jpg, id=126, 1007.765pt x 622.325pt>
File: act2.jpg Graphic file (type jpg)
<use act2.jpg>
Package luatex.def Info: act2.jpg  used on input line 671.
(luatex.def)             Requested size: 503.88127pt x 311.16173pt.

Overfull \hbox (60.3028pt too wide) in paragraph at lines 671--673
 [][] 
 []

[36]
<seq2.jpg, id=130, 1023.825pt x 670.505pt>
File: seq2.jpg Graphic file (type jpg)
<use seq2.jpg>
Package luatex.def Info: seq2.jpg  used on input line 677.
(luatex.def)             Requested size: 511.91124pt x 335.25168pt.

Overfull \hbox (68.33276pt too wide) in paragraph at lines 677--679
 [][] 
 []

[37<./act2.jpg>]
<state2.jpg, id=134, 1168.365pt x 590.205pt>
File: state2.jpg Graphic file (type jpg)
<use state2.jpg>
Package luatex.def Info: state2.jpg  used on input line 683.
(luatex.def)             Requested size: 584.18108pt x 295.10178pt.

Overfull \hbox (140.6026pt too wide) in paragraph at lines 683--685
 [][] 
 []

[38<./seq2.jpg><./state2.jpg>]
<db2.jpg, id=138, 716.6775pt x 483.8075pt>
File: db2.jpg Graphic file (type jpg)
<use db2.jpg>
Package luatex.def Info: db2.jpg  used on input line 706.
(luatex.def)             Requested size: 358.33788pt x 241.90315pt.
 [39<./db2.jpg>] [40] (./srs.aux))

Here is how much of LuaTeX's memory you used:
 2953 strings out of 478285
 100000,1977958 words of node,token memory allocated
 431 words of node memory still in use:
   3 hlist, 1 vlist, 1 rule, 2 glue, 3 kern, 1 glyph, 4 attribute, 53 glue_spec,
 4 attribute_list, 1 write nodes
   avail lists: 2:527,3:246,4:15,5:321,6:60,7:6196,8:2,9:580,10:11,11:532
 22876 multiletter control sequences out of 65536+600000
 32 fonts using 2267255 bytes
 55i,18n,59p,474b,305s stack positions out of 5000i,500n,10000p,200000b,80000s
</usr/share/texmf-dist/fonts/opentype/public/lm/lmroman12-regular.otf></usr/shar
e/texmf-dist/fonts/opentype/public/lm/lmroman12-bold.otf>
Output written on srs.pdf (41 pages, 1408499 bytes).

PDF statistics: 161 PDF objects out of 1000 (max. 8388607)
 97 compressed objects within 1 object stream
 0 named destinations out of 1000 (max. 131072)
 1 words of extra memory for PDF output out of 10000 (max. 100000000)

