This is pdfTeX, Version 3.141592653-2.6-1.40.25 (TeX Live 2023/Arch Linux) (preloaded format=pdflatex 2023.12.22)  4 JAN 2024 21:12
entering extended mode
 \write18 enabled.
 file:line:error style messages enabled.
 %&-line parsing enabled.
**/home/aeren/Okul/CENG499/HW3/report/report
(/home/aeren/Okul/CENG499/HW3/report/report.tex
LaTeX2e <2022-11-01> patch level 1
L3 programming layer <2023-02-22> (/usr/share/texmf-dist/tex/latex/base/article.cls
Document Class: article 2022/07/02 v1.4n Standard LaTeX document class
(/usr/share/texmf-dist/tex/latex/base/size12.clo
File: size12.clo 2022/07/02 v1.4n Standard LaTeX file (size option)
)
\c@part=\count185
\c@section=\count186
\c@subsection=\count187
\c@subsubsection=\count188
\c@paragraph=\count189
\c@subparagraph=\count190
\c@figure=\count191
\c@table=\count192
\abovecaptionskip=\skip48
\belowcaptionskip=\skip49
\bibindent=\dimen140
) (/usr/share/texmf-dist/tex/latex/preprint/fullpage.sty
Package: fullpage 1999/02/23 1.1 (PWD)
\FP@margin=\skip50
) (/usr/share/texmf-dist/tex/latex/amsfonts/amsfonts.sty
Package: amsfonts 2013/01/14 v3.01 Basic AMSFonts support
\@emptytoks=\toks16
\symAMSa=\mathgroup4
\symAMSb=\mathgroup5
LaTeX Font Info:    Redeclaring math symbol \hbar on input line 98.
LaTeX Font Info:    Overwriting math alphabet `\mathfrak' in version `bold'
(Font)                  U/euf/m/n --> U/euf/b/n on input line 106.
) (/usr/share/texmf-dist/tex/latex/amsmath/amsmath.sty
Package: amsmath 2022/04/08 v2.17n AMS math features
\@mathmargin=\skip51

For additional information on amsmath, use the `?' option.
(/usr/share/texmf-dist/tex/latex/amsmath/amstext.sty
Package: amstext 2021/08/26 v2.01 AMS text
 (/usr/share/texmf-dist/tex/latex/amsmath/amsgen.sty
File: amsgen.sty 1999/11/30 v2.0 generic functions
\@emptytoks=\toks17
\ex@=\dimen141
)) (/usr/share/texmf-dist/tex/latex/amsmath/amsbsy.sty
Package: amsbsy 1999/11/29 v1.2d Bold Symbols
\pmbraise@=\dimen142
) (/usr/share/texmf-dist/tex/latex/amsmath/amsopn.sty
Package: amsopn 2022/04/08 v2.04 operator names
)
\inf@bad=\count193
LaTeX Info: Redefining \frac on input line 234.
\uproot@=\count194
\leftroot@=\count195
LaTeX Info: Redefining \overline on input line 399.
LaTeX Info: Redefining \colon on input line 410.
\classnum@=\count196
\DOTSCASE@=\count197
LaTeX Info: Redefining \ldots on input line 496.
LaTeX Info: Redefining \dots on input line 499.
LaTeX Info: Redefining \cdots on input line 620.
\Mathstrutbox@=\box51
\strutbox@=\box52
LaTeX Info: Redefining \big on input line 722.
LaTeX Info: Redefining \Big on input line 723.
LaTeX Info: Redefining \bigg on input line 724.
LaTeX Info: Redefining \Bigg on input line 725.
\big@size=\dimen143
LaTeX Font Info:    Redeclaring font encoding OML on input line 743.
LaTeX Font Info:    Redeclaring font encoding OMS on input line 744.
\macc@depth=\count198
LaTeX Info: Redefining \bmod on input line 905.
LaTeX Info: Redefining \pmod on input line 910.
LaTeX Info: Redefining \smash on input line 940.
LaTeX Info: Redefining \relbar on input line 970.
LaTeX Info: Redefining \Relbar on input line 971.
\c@MaxMatrixCols=\count199
\dotsspace@=\muskip16
\c@parentequation=\count266
\dspbrk@lvl=\count267
\tag@help=\toks18
\row@=\count268
\column@=\count269
\maxfields@=\count270
\andhelp@=\toks19
\eqnshift@=\dimen144
\alignsep@=\dimen145
\tagshift@=\dimen146
\tagwidth@=\dimen147
\totwidth@=\dimen148
\lineht@=\dimen149
\@envbody=\toks20
\multlinegap=\skip52
\multlinetaggap=\skip53
\mathdisplay@stack=\toks21
LaTeX Info: Redefining \[ on input line 2953.
LaTeX Info: Redefining \] on input line 2954.
) (/usr/share/texmf-dist/tex/latex/psnfss/pifont.sty
Package: pifont 2020/03/25 PSNFSS-v9.3 Pi font support (SPQR) 
LaTeX Font Info:    Trying to load font information for U+pzd on input line 63.
 (/usr/share/texmf-dist/tex/latex/psnfss/upzd.fd
File: upzd.fd 2001/06/04 font definitions for U/pzd.
)
LaTeX Font Info:    Trying to load font information for U+psy on input line 64.
 (/usr/share/texmf-dist/tex/latex/psnfss/upsy.fd
File: upsy.fd 2001/06/04 font definitions for U/psy.
)) (/usr/share/texmf-dist/tex/latex/amscls/amsthm.sty
Package: amsthm 2020/05/29 v2.20.6
\thm@style=\toks22
\thm@bodyfont=\toks23
\thm@headfont=\toks24
\thm@notefont=\toks25
\thm@headpunct=\toks26
\thm@preskip=\skip54
\thm@postskip=\skip55
\thm@headsep=\skip56
\dth@everypar=\toks27
) (/usr/share/texmf-dist/tex/latex/geometry/geometry.sty
Package: geometry 2020/01/02 v5.9 Page Geometry
 (/usr/share/texmf-dist/tex/latex/graphics/keyval.sty
Package: keyval 2022/05/29 v1.15 key=value parser (DPC)
\KV@toks@=\toks28
) (/usr/share/texmf-dist/tex/generic/iftex/ifvtex.sty
Package: ifvtex 2019/10/25 v1.7 ifvtex legacy package. Use iftex instead.
 (/usr/share/texmf-dist/tex/generic/iftex/iftex.sty
Package: iftex 2022/02/03 v1.0f TeX engine tests
))
\Gm@cnth=\count271
\Gm@cntv=\count272
\c@Gm@tempcnt=\count273
\Gm@bindingoffset=\dimen150
\Gm@wd@mp=\dimen151
\Gm@odd@mp=\dimen152
\Gm@even@mp=\dimen153
\Gm@layoutwidth=\dimen154
\Gm@layoutheight=\dimen155
\Gm@layouthoffset=\dimen156
\Gm@layoutvoffset=\dimen157
\Gm@dimlist=\toks29
) (/usr/share/texmf-dist/tex/latex/graphics/graphicx.sty
Package: graphicx 2021/09/16 v1.2d Enhanced LaTeX Graphics (DPC,SPQR)
 (/usr/share/texmf-dist/tex/latex/graphics/graphics.sty
Package: graphics 2022/03/10 v1.4e Standard LaTeX Graphics (DPC,SPQR)
 (/usr/share/texmf-dist/tex/latex/graphics/trig.sty
Package: trig 2021/08/11 v1.11 sin cos tan (DPC)
) (/usr/share/texmf-dist/tex/latex/graphics-cfg/graphics.cfg
File: graphics.cfg 2016/06/04 v1.11 sample graphics configuration
)
Package graphics Info: Driver file: pdftex.def on input line 107.
 (/usr/share/texmf-dist/tex/latex/graphics-def/pdftex.def
File: pdftex.def 2022/09/22 v1.2b Graphics/color driver for pdftex
))
\Gin@req@height=\dimen158
\Gin@req@width=\dimen159
) (/usr/share/texmf-dist/tex/latex/float/float.sty
Package: float 2001/11/08 v1.3d Float enhancements (AL)
\c@float@type=\count274
\float@exts=\toks30
\float@box=\box53
\@float@everytoks=\toks31
\@floatcapt=\box54
) (/usr/share/texmf-dist/tex/latex/l3backend/l3backend-pdftex.def
File: l3backend-pdftex.def 2023-01-16 L3 backend support: PDF output (pdfTeX)
\l__color_backend_stack_int=\count275
\l__pdf_internal_box=\box55
)

LaTeX Warning: Unused global option(s):
    [margin].

(./report.aux)
\openout1 = `report.aux'.

LaTeX Font Info:    Checking defaults for OML/cmm/m/it on input line 31.
LaTeX Font Info:    ... okay on input line 31.
LaTeX Font Info:    Checking defaults for OMS/cmsy/m/n on input line 31.
LaTeX Font Info:    ... okay on input line 31.
LaTeX Font Info:    Checking defaults for OT1/cmr/m/n on input line 31.
LaTeX Font Info:    ... okay on input line 31.
LaTeX Font Info:    Checking defaults for T1/cmr/m/n on input line 31.
LaTeX Font Info:    ... okay on input line 31.
LaTeX Font Info:    Checking defaults for TS1/cmr/m/n on input line 31.
LaTeX Font Info:    ... okay on input line 31.
LaTeX Font Info:    Checking defaults for OMX/cmex/m/n on input line 31.
LaTeX Font Info:    ... okay on input line 31.
LaTeX Font Info:    Checking defaults for U/cmr/m/n on input line 31.
LaTeX Font Info:    ... okay on input line 31.

*geometry* driver: auto-detecting
*geometry* detected driver: pdftex
*geometry* verbose mode - [ preamble ] result:
* driver: pdftex
* paper: a4paper
* layout: <same size as paper>
* layoutoffset:(h,v)=(0.0pt,0.0pt)
* modes: 
* h-part:(L,W,R)=(28.45274pt, 540.60239pt, 28.45274pt)
* v-part:(T,H,B)=(14.22636pt, 802.36774pt, 28.45274pt)
* \paperwidth=597.50787pt
* \paperheight=845.04684pt
* \textwidth=540.60239pt
* \textheight=802.36774pt
* \oddsidemargin=-43.81725pt
* \evensidemargin=-43.81725pt
* \topmargin=-58.04362pt
* \headheight=0.0pt
* \headsep=0.0pt
* \topskip=12.0pt
* \footskip=30.0pt
* \marginparwidth=35.0pt
* \marginparsep=10.0pt
* \columnsep=10.0pt
* \skip\footins=10.8pt plus 4.0pt minus 2.0pt
* \hoffset=0.0pt
* \voffset=0.0pt
* \mag=1000
* \@twocolumnfalse
* \@twosidefalse
* \@mparswitchfalse
* \@reversemarginfalse
* (1in=72.27pt=25.4mm, 1cm=28.453pt)

(/usr/share/texmf-dist/tex/context/base/mkii/supp-pdf.mkii
[Loading MPS to PDF converter (version 2006.09.02).]
\scratchcounter=\count276
\scratchdimen=\dimen160
\scratchbox=\box56
\nofMPsegments=\count277
\nofMParguments=\count278
\everyMPshowfont=\toks32
\MPscratchCnt=\count279
\MPscratchDim=\dimen161
\MPnumerator=\count280
\makeMPintoPDFobject=\count281
\everyMPtoPDFconversion=\toks33
) (/usr/share/texmf-dist/tex/latex/epstopdf-pkg/epstopdf-base.sty
Package: epstopdf-base 2020-01-24 v2.11 Base part for package epstopdf
Package epstopdf-base Info: Redefining graphics rule for `.eps' on input line 485.
 (/usr/share/texmf-dist/tex/latex/latexconfig/epstopdf-sys.cfg
File: epstopdf-sys.cfg 2010/07/13 v1.3 Configuration of (r)epstopdf for TeX Live
))
LaTeX Font Info:    Trying to load font information for U+msa on input line 33.
 (/usr/share/texmf-dist/tex/latex/amsfonts/umsa.fd
File: umsa.fd 2013/01/14 v3.01 AMS symbols A
)
LaTeX Font Info:    Trying to load font information for U+msb on input line 33.
 (/usr/share/texmf-dist/tex/latex/amsfonts/umsb.fd
File: umsb.fd 2013/01/14 v3.01 AMS symbols B
) (./report.toc)
\tf@toc=\write3
\openout3 = `report.toc'.

<assets//svm-poly-05.png, id=1, 603.4545pt x 403.9893pt>
File: assets//svm-poly-05.png Graphic file (type png)
<use assets//svm-poly-05.png>
Package pdftex.def Info: assets//svm-poly-05.png  used on input line 67.
(pdftex.def)             Requested size: 452.58975pt x 302.99123pt.
<assets//svm-rbf-05.png, id=3, 621.522pt x 410.4936pt>
File: assets//svm-rbf-05.png Graphic file (type png)
<use assets//svm-rbf-05.png>
Package pdftex.def Info: assets//svm-rbf-05.png  used on input line 72.
(pdftex.def)             Requested size: 466.14037pt x 307.86945pt.
 [1

{/var/lib/texmf/fonts/map/pdftex/updmap/pdftex.map}]
<assets//svm-poly-2.png, id=13, 603.4545pt x 402.5439pt>
File: assets//svm-poly-2.png Graphic file (type png)
<use assets//svm-poly-2.png>
Package pdftex.def Info: assets//svm-poly-2.png  used on input line 77.
(pdftex.def)             Requested size: 452.58975pt x 301.90718pt.
<assets//svm-rbf-2.png, id=14, 645.3711pt x 426.393pt>
File: assets//svm-rbf-2.png Graphic file (type png)
<use assets//svm-rbf-2.png>
Package pdftex.def Info: assets//svm-rbf-2.png  used on input line 82.
(pdftex.def)             Requested size: 484.02713pt x 319.79396pt.
 [2 <./assets//svm-poly-05.png> <./assets//svm-rbf-05.png>] [3 <./assets//svm-poly-2.png> <./assets//svm-rbf-2.png>]
<assets//svm_dataset2_ci.png, id=25, 661.2705pt x 411.939pt>
File: assets//svm_dataset2_ci.png Graphic file (type png)
<use assets//svm_dataset2_ci.png>
Package pdftex.def Info: assets//svm_dataset2_ci.png  used on input line 111.
(pdftex.def)             Requested size: 495.95164pt x 308.95348pt.
 [4 <./assets//svm_dataset2_ci.png>]
<assets//knn-hypr.png, id=30, 632.3625pt x 415.5525pt>
File: assets//knn-hypr.png Graphic file (type png)
<use assets//knn-hypr.png>
Package pdftex.def Info: assets//knn-hypr.png  used on input line 149.
(pdftex.def)             Requested size: 474.27072pt x 311.6636pt.
<assets//svm-hypr.png, id=31, 658.3797pt x 428.5611pt>
File: assets//svm-hypr.png Graphic file (type png)
<use assets//svm-hypr.png>
Package pdftex.def Info: assets//svm-hypr.png  used on input line 155.
(pdftex.def)             Requested size: 493.78355pt x 321.42003pt.
 [5 <./assets//knn-hypr.png>]
<assets//dtree-hypr.png, id=36, 685.8423pt x 446.6286pt>
File: assets//dtree-hypr.png Graphic file (type png)
<use assets//dtree-hypr.png>
Package pdftex.def Info: assets//dtree-hypr.png  used on input line 161.
(pdftex.def)             Requested size: 514.38046pt x 334.97063pt.
<assets//randforest-hypr.png, id=37, 679.338pt x 436.5108pt>
File: assets//randforest-hypr.png Graphic file (type png)
<use assets//randforest-hypr.png>
Package pdftex.def Info: assets//randforest-hypr.png  used on input line 167.
(pdftex.def)             Requested size: 509.50224pt x 327.38228pt.
 [6 <./assets//svm-hypr.png> <./assets//dtree-hypr.png>]
<assets//part3-acc-ci-2.png, id=43, 682.2288pt x 425.6703pt>
File: assets//part3-acc-ci-2.png Graphic file (type png)
<use assets//part3-acc-ci-2.png>
Package pdftex.def Info: assets//part3-acc-ci-2.png  used on input line 180.
(pdftex.def)             Requested size: 511.67033pt x 319.25194pt.
 [7 <./assets//randforest-hypr.png>]
<assets//part3-f1s-ci-2.png, id=49, 661.2705pt x 433.62pt>
File: assets//part3-f1s-ci-2.png Graphic file (type png)
<use assets//part3-f1s-ci-2.png>
Package pdftex.def Info: assets//part3-f1s-ci-2.png  used on input line 186.
(pdftex.def)             Requested size: 495.95164pt x 325.2142pt.
 [8 <./assets//part3-acc-ci-2.png> <./assets//part3-f1s-ci-2.png>]
Overfull \hbox (0.1429pt too wide) in paragraph at lines 248--248
[]    \OT1/cmtt/m/n/10 3.0, 12.0, 4.0, 6.0, 0.0, 0.0, 4.0, 0.0, 0.0, 1.0, 0.0, 0.0, 0.0, 0.0, 0.0, 0.0, 0.0, 0.0, 0.0, 1.0[] 
 []


Overfull \hbox (0.1429pt too wide) in paragraph at lines 248--248
[]    \OT1/cmtt/m/n/10 0.0, 42.0, 2.0, 2.0, 0.0, 0.0, 4.0, 0.0, 0.0, 0.0, 1.0, 0.0, 0.0, 0.0, 0.0, 1.0, 0.0, 0.0, 0.0, 1.0[] 
 []


Overfull \hbox (0.1429pt too wide) in paragraph at lines 248--248
[]    \OT1/cmtt/m/n/10 3.0, 36.0, 2.0, 6.0, 0.0, 0.0, 0.0, 0.0, 0.0, 1.0, 0.0, 0.0, 1.0, 0.0, 0.0, 1.0, 0.0, 0.0, 0.0, 0.0[] 
 []


Overfull \hbox (0.1429pt too wide) in paragraph at lines 248--248
[]    \OT1/cmtt/m/n/10 0.0, 30.0, 0.0, 9.0, 0.0, 0.0, 0.0, 0.0, 0.0, 1.0, 0.0, 0.0, 0.0, 0.0, 2.0, 0.0, 0.0, 0.0, 0.0, 1.0[] 
 []


Overfull \hbox (0.1429pt too wide) in paragraph at lines 248--248
[]    \OT1/cmtt/m/n/10 1.0, 12.0, 4.0, 1.0, 0.0, 0.0, 2.0, 0.0, 0.0, 1.0, 0.0, 0.0, 0.0, 0.0, 0.0, 0.0, 0.0, 0.0, 0.0, 1.0[] 
 []


Overfull \hbox (0.1429pt too wide) in paragraph at lines 248--248
[]    \OT1/cmtt/m/n/10 3.0,  6.0, 0.0, 3.0, 0.0, 0.0, 0.0, 1.0, 0.0, 1.0, 0.0, 0.0, 0.0, 0.0, 0.0, 0.0, 0.0, 0.0, 0.0, 1.0[] 
 []


Overfull \hbox (0.1429pt too wide) in paragraph at lines 248--248
[]    \OT1/cmtt/m/n/10 2.0, 12.0, 1.0, 3.0, 0.0, 0.0, 3.0, 0.0, 0.0, 1.0, 0.0, 0.0, 0.0, 0.0, 0.0, 0.0, 0.0, 0.0, 0.0, 1.0[] 
 []


Overfull \hbox (0.1429pt too wide) in paragraph at lines 248--248
[]    \OT1/cmtt/m/n/10 1.0, 18.0, 2.0, 9.0, 0.0, 0.0, 2.0, 0.0, 0.0, 1.0, 0.0, 0.0, 0.0, 0.0, 2.0, 0.0, 0.0, 0.0, 0.0, 0.0[] 
 []


Overfull \hbox (0.1429pt too wide) in paragraph at lines 248--248
[]    \OT1/cmtt/m/n/10 1.0, 18.0, 2.0, 0.0, 0.0, 0.0, 3.0, 0.0, 0.0, 1.0, 0.0, 0.0, 0.0, 0.0, 0.0, 0.0, 0.0, 0.0, 0.0, 0.0[] 
 []


Overfull \hbox (0.1429pt too wide) in paragraph at lines 248--248
[]    \OT1/cmtt/m/n/10 2.0, 12.0, 2.0, 2.0, 0.0, 0.0, 2.0, 0.0, 0.0, 1.0, 0.0, 0.0, 0.0, 0.0, 2.0, 0.0, 0.0, 1.0, 0.0, 0.0[] 
 []


Overfull \hbox (0.1429pt too wide) in paragraph at lines 248--248
[]    \OT1/cmtt/m/n/10 2.0, 10.0, 2.0, 4.0, 0.0, 0.0, 3.0, 0.0, 0.0, 1.0, 0.0, 0.0, 0.0, 0.0, 0.0, 0.0, 0.0, 0.0, 0.0, 0.0[] 
 []


Overfull \hbox (0.1429pt too wide) in paragraph at lines 248--248
[]    \OT1/cmtt/m/n/10 1.0,  9.0, 2.0, 3.0, 0.0, 0.0, 3.0, 0.0, 0.0, 1.0, 0.0, 0.0, 0.0, 0.0, 0.0, 0.0, 0.0, 0.0, 0.0, 1.0[] 
 []


Overfull \hbox (0.1429pt too wide) in paragraph at lines 248--248
[]    \OT1/cmtt/m/n/10 3.0, 30.0, 2.0, 3.0, 0.0, 0.0, 0.0, 1.0, 0.0, 1.0, 0.0, 0.0, 0.0, 0.0, 2.0, 0.0, 0.0, 1.0, 0.0, 1.0[] 
 []


Overfull \hbox (0.1429pt too wide) in paragraph at lines 248--248
[]    \OT1/cmtt/m/n/10 3.0, 36.0, 2.0, 3.0, 0.0, 0.0, 0.0, 1.0, 0.0, 1.0, 0.0, 0.0, 0.0, 0.0, 0.0, 0.0, 0.0, 0.0, 0.0, 1.0[] 
 []


Overfull \hbox (0.1429pt too wide) in paragraph at lines 266--266
[]    \OT1/cmtt/m/n/10 1.0, 48.0, 2.0, 3.0, 0.0, 0.0, 3.0, 0.0, 0.0, 1.0, 0.0, 0.0, 0.0, 0.0, 0.0, 0.0, 0.0, 0.0, 0.0, 1.0[] 
 []


Overfull \hbox (0.1429pt too wide) in paragraph at lines 266--266
[]    \OT1/cmtt/m/n/10 0.0, 24.0, 3.0, 0.0, 0.0, 0.0, 3.0, 0.0, 0.0, 1.0, 0.0, 0.0, 1.0, 0.0, 0.0, 1.0, 0.0, 0.0, 0.0, 1.0[] 
 []


Overfull \hbox (0.1429pt too wide) in paragraph at lines 266--266
[]    \OT1/cmtt/m/n/10 1.0, 30.0, 4.0, 0.0, 0.0, 0.0, 1.0, 0.0, 0.0, 1.0, 0.0, 0.0, 0.0, 0.0, 0.0, 0.0, 0.0, 1.0, 0.0, 1.0[] 
 []


Overfull \hbox (0.1429pt too wide) in paragraph at lines 266--266
[]    \OT1/cmtt/m/n/10 1.0, 12.0, 2.0, 0.0, 0.0, 0.0, 2.0, 0.0, 0.0, 1.0, 0.0, 0.0, 0.0, 0.0, 0.0, 0.0, 0.0, 0.0, 0.0, 1.0[] 
 []


Overfull \hbox (0.1429pt too wide) in paragraph at lines 266--266
[]    \OT1/cmtt/m/n/10 0.0, 48.0, 2.0, 9.0, 0.0, 0.0, 2.0, 0.0, 0.0, 1.0, 0.0, 0.0, 0.0, 0.0, 0.0, 0.0, 0.0, 0.0, 0.0, 1.0[] 
 []


Overfull \hbox (0.1429pt too wide) in paragraph at lines 266--266
[]    \OT1/cmtt/m/n/10 0.0, 24.0, 4.0, 0.0, 0.0, 0.0, 0.0, 1.0, 0.0, 1.0, 0.0, 0.0, 0.0, 0.0, 0.0, 0.0, 0.0, 0.0, 0.0, 1.0[] 
 []


Overfull \hbox (0.1429pt too wide) in paragraph at lines 266--266
[]    \OT1/cmtt/m/n/10 0.0, 24.0, 2.0, 3.0, 0.0, 0.0, 3.0, 0.0, 0.0, 1.0, 0.0, 0.0, 0.0, 0.0, 0.0, 0.0, 0.0, 0.0, 0.0, 1.0[] 
 []


Overfull \hbox (0.1429pt too wide) in paragraph at lines 266--266
[]    \OT1/cmtt/m/n/10 1.0, 24.0, 2.0, 1.0, 0.0, 0.0, 0.0, 1.0, 0.0, 1.0, 0.0, 0.0, 1.0, 0.0, 0.0, 1.0, 0.0, 1.0, 0.0, 0.0[] 
 []


Overfull \hbox (0.1429pt too wide) in paragraph at lines 266--266
[]    \OT1/cmtt/m/n/10 0.0, 60.0, 3.0, 9.0, 0.0, 0.0, 0.0, 1.0, 0.0, 1.0, 0.0, 0.0, 1.0, 0.0, 0.0, 0.0, 0.0, 0.0, 0.0, 0.0[] 
 []


Overfull \hbox (0.1429pt too wide) in paragraph at lines 266--266
[]    \OT1/cmtt/m/n/10 1.0, 45.0, 4.0, 3.0, 0.0, 0.0, 2.0, 0.0, 0.0, 1.0, 0.0, 0.0, 0.0, 0.0, 0.0, 0.0, 0.0, 0.0, 0.0, 1.0[] 
 []


Overfull \hbox (0.1429pt too wide) in paragraph at lines 266--266
[]    \OT1/cmtt/m/n/10 2.0, 18.0, 2.0, 3.0, 0.0, 0.0, 3.0, 0.0, 0.0, 2.0, 0.0, 0.0, 0.0, 0.0, 2.0, 0.0, 0.0, 0.0, 0.0, 1.0[] 
 []

[9] [10] (./report.aux) ) 
Here is how much of TeX's memory you used:
 3085 strings out of 477985
 48601 string characters out of 5840057
 1873388 words of memory out of 5000000
 23240 multiletter control sequences out of 15000+600000
 522852 words of font info for 73 fonts, out of 8000000 for 9000
 14 hyphenation exceptions out of 8191
 57i,10n,62p,257b,264s stack positions out of 10000i,1000n,20000p,200000b,200000s
</usr/share/texmf-dist/fonts/type1/public/amsfonts/cm/cmbx12.pfb></usr/share/texmf-dist/fonts/type1/public/amsfonts/cm/cmmi12.pfb></usr/share/texmf-dist/fonts/type1/public/amsfonts/cm/cmr12.pfb></usr/share/texmf-dist/fonts/type1/public/amsfonts/cm/cmr17.pfb></usr/share/texmf-dist/fonts/type1/public/amsfonts/cm/cmtt10.pfb></usr/share/texmf-dist/fonts/type1/public/amsfonts/cm/cmtt12.pfb>
Output written on report.pdf (10 pages, 375948 bytes).
PDF statistics:
 90 PDF objects out of 1000 (max. 8388607)
 43 compressed objects within 1 object stream
 0 named destinations out of 1000 (max. 500000)
 56 words of extra memory for PDF output out of 10000 (max. 10000000)

