Running: /opt/Xilinx/14.7/ISE_DS/ISE/bin/lin64/unwrapped/fuse -intstyle ise -incremental -lib unisims_ver -lib unimacro_ver -lib xilinxcorelib_ver -o /home/aeren/Okul/CENG232/Lab3/lab3_part1/testbench_ic1337_isim_beh.exe -prj /home/aeren/Okul/CENG232/Lab3/lab3_part1/testbench_ic1337_beh.prj work.testbench_ic1337 work.glbl 
ISim P.20131013 (signature 0xfbc00daa)
Number of CPUs detected in this system: 8
Turning on mult-threading, number of parallel sub-compilation jobs: 16 
Determining compilation order of HDL files
Analyzing Verilog file "/home/aeren/Okul/CENG232/Lab3/lab3_part1/lab3_1.v" into library work
Analyzing Verilog file "/home/aeren/Okul/CENG232/Lab3/lab3_part1/testbench_ic1337_1.v" into library work
Analyzing Verilog file "/opt/Xilinx/14.7/ISE_DS/ISE//verilog/src/glbl.v" into library work
Starting static elaboration
Completed static elaboration
Fuse Memory Usage: 82836 KB
Fuse CPU Usage: 930 ms
Compiling module ab
Compiling module ic1337
Compiling module testbench_ic1337
Compiling module glbl
Time Resolution for simulation is 1ps.
Waiting for 1 sub-compilation(s) to finish...
Compiled 4 Verilog Units
Built simulation executable /home/aeren/Okul/CENG232/Lab3/lab3_part1/testbench_ic1337_isim_beh.exe
Fuse Memory Usage: 1169268 KB
Fuse CPU Usage: 960 ms
GCC CPU Usage: 840 ms
